ARM GAS  /tmp/ccTrBmMD.s 			page 1


   1              		.arch armv7-a
   2              		.eabi_attribute 28, 1
   3              		.eabi_attribute 23, 1
   4              		.eabi_attribute 24, 1
   5              		.eabi_attribute 25, 1
   6              		.eabi_attribute 26, 2
   7              		.eabi_attribute 30, 4
   8              		.eabi_attribute 34, 1
   9              		.eabi_attribute 18, 4
  10              		.file	"radio_utilities.c"
  11              		.text
  12              		.section	.text.radio_utilities_set_tx_power_offset,"ax",%progbits
  13              		.align	2
  14              		.global	radio_utilities_set_tx_power_offset
  15              		.arch armv7-a
  16              		.syntax unified
  17              		.arm
  18              		.fpu neon
  20              	radio_utilities_set_tx_power_offset:
  21              		@ args = 0, pretend = 0, frame = 0
  22              		@ frame_needed = 0, uses_anonymous_args = 0
  23              		@ link register save eliminated.
  24 0000 04309FE5 		ldr	r3, .L2
  25 0004 0000C3E5 		strb	r0, [r3]
  26 0008 1EFF2FE1 		bx	lr
  27              	.L3:
  28              		.align	2
  29              	.L2:
  30 000c 00000000 		.word	.LANCHOR0
  32              		.section	.text.radio_utilities_get_tx_power_offset,"ax",%progbits
  33              		.align	2
  34              		.global	radio_utilities_get_tx_power_offset
  35              		.syntax unified
  36              		.arm
  37              		.fpu neon
  39              	radio_utilities_get_tx_power_offset:
  40              		@ args = 0, pretend = 0, frame = 0
  41              		@ frame_needed = 0, uses_anonymous_args = 0
  42              		@ link register save eliminated.
  43 0000 04309FE5 		ldr	r3, .L5
  44 0004 D000D3E1 		ldrsb	r0, [r3]
  45 0008 1EFF2FE1 		bx	lr
  46              	.L6:
  47              		.align	2
  48              	.L5:
  49 000c 00000000 		.word	.LANCHOR0
  51              		.section	.bss.board_tx_pwr_offset_db,"aw",%nobits
  52              		.set	.LANCHOR0,. + 0
  55              	board_tx_pwr_offset_db:
  56 0000 00       		.space	1
  57              		.ident	"GCC: (crosstool-NG 1.24.0) 8.3.0"
  58              		.section	.note.GNU-stack,"",%progbits
ARM GAS  /tmp/ccTrBmMD.s 			page 2


DEFINED SYMBOLS
                            *ABS*:0000000000000000 radio_utilities.c
     /tmp/ccTrBmMD.s:13     .text.radio_utilities_set_tx_power_offset:0000000000000000 $a
     /tmp/ccTrBmMD.s:20     .text.radio_utilities_set_tx_power_offset:0000000000000000 radio_utilities_set_tx_power_offset
     /tmp/ccTrBmMD.s:30     .text.radio_utilities_set_tx_power_offset:000000000000000c $d
     /tmp/ccTrBmMD.s:33     .text.radio_utilities_get_tx_power_offset:0000000000000000 $a
     /tmp/ccTrBmMD.s:39     .text.radio_utilities_get_tx_power_offset:0000000000000000 radio_utilities_get_tx_power_offset
     /tmp/ccTrBmMD.s:49     .text.radio_utilities_get_tx_power_offset:000000000000000c $d
     /tmp/ccTrBmMD.s:55     .bss.board_tx_pwr_offset_db:0000000000000000 board_tx_pwr_offset_db
     /tmp/ccTrBmMD.s:56     .bss.board_tx_pwr_offset_db:0000000000000000 $d

NO UNDEFINED SYMBOLS
