ARM GAS  /tmp/ccerirTb.s 			page 1


   1              		.arch armv7-a
   2              		.eabi_attribute 28, 1
   3              		.eabi_attribute 23, 1
   4              		.eabi_attribute 24, 1
   5              		.eabi_attribute 25, 1
   6              		.eabi_attribute 26, 2
   7              		.eabi_attribute 30, 4
   8              		.eabi_attribute 34, 1
   9              		.eabi_attribute 18, 4
  10              		.file	"ral_sx127x_bsp.c"
  11              		.text
  12              		.section	.text.ral_sx127x_bsp_get_tx_cfg,"ax",%progbits
  13              		.align	2
  14              		.global	ral_sx127x_bsp_get_tx_cfg
  15              		.arch armv7-a
  16              		.syntax unified
  17              		.arm
  18              		.fpu neon
  20              	ral_sx127x_bsp_get_tx_cfg:
  21              		@ args = 0, pretend = 0, frame = 0
  22              		@ frame_needed = 0, uses_anonymous_args = 0
  23 0000 70402DE9 		push	{r4, r5, r6, lr}
  24 0004 0240A0E1 		mov	r4, r2
  25 0008 0150A0E1 		mov	r5, r1
  26 000c FEFFFFEB 		bl	radio_utilities_get_tx_power_offset
  27 0010 D030D5E1 		ldrsb	r3, [r5]
  28 0014 030080E0 		add	r0, r0, r3
  29 0018 0030A0E3 		mov	r3, #0
  30 001c 003084E5 		str	r3, [r4]
  31 0020 7000BFE6 		sxth	r0, r0
  32 0024 0430C4E5 		strb	r3, [r4, #4]
  33 0028 040070E3 		cmn	r0, #4
  34 002c 7030AFE6 		sxtb	r3, r0
  35 0030 0C30C4E5 		strb	r3, [r4, #12]
  36 0034 0D30C4E5 		strb	r3, [r4, #13]
  37 0038 1C309FB5 		ldrlt	r3, .L6
  38 003c 020000BA 		blt	.L5
  39 0040 0F0050E3 		cmp	r0, #15
  40 0044 010000DA 		ble	.L3
  41 0048 0F3F00E3 		movw	r3, #3855
  42              	.L5:
  43 004c BC30C4E1 		strh	r3, [r4, #12]	@ movhi
  44              	.L3:
  45 0050 0930A0E3 		mov	r3, #9
  46 0054 083084E5 		str	r3, [r4, #8]
  47 0058 7080BDE8 		pop	{r4, r5, r6, pc}
  48              	.L7:
  49              		.align	2
  50              	.L6:
  51 005c FCFCFFFF 		.word	-772
  53              		.section	.text.ral_sx127x_bsp_get_ocp_value,"ax",%progbits
  54              		.align	2
  55              		.global	ral_sx127x_bsp_get_ocp_value
  56              		.syntax unified
  57              		.arm
  58              		.fpu neon
  60              	ral_sx127x_bsp_get_ocp_value:
ARM GAS  /tmp/ccerirTb.s 			page 2


  61              		@ args = 0, pretend = 0, frame = 0
  62              		@ frame_needed = 0, uses_anonymous_args = 0
  63              		@ link register save eliminated.
  64 0000 1EFF2FE1 		bx	lr
  66              		.ident	"GCC: (crosstool-NG 1.24.0) 8.3.0"
  67              		.section	.note.GNU-stack,"",%progbits
ARM GAS  /tmp/ccerirTb.s 			page 3


DEFINED SYMBOLS
                            *ABS*:0000000000000000 ral_sx127x_bsp.c
     /tmp/ccerirTb.s:13     .text.ral_sx127x_bsp_get_tx_cfg:0000000000000000 $a
     /tmp/ccerirTb.s:20     .text.ral_sx127x_bsp_get_tx_cfg:0000000000000000 ral_sx127x_bsp_get_tx_cfg
     /tmp/ccerirTb.s:51     .text.ral_sx127x_bsp_get_tx_cfg:000000000000005c $d
     /tmp/ccerirTb.s:54     .text.ral_sx127x_bsp_get_ocp_value:0000000000000000 $a
     /tmp/ccerirTb.s:60     .text.ral_sx127x_bsp_get_ocp_value:0000000000000000 ral_sx127x_bsp_get_ocp_value

UNDEFINED SYMBOLS
radio_utilities_get_tx_power_offset
