ARM GAS  /tmp/ccRlD0Y0.s 			page 1


   1              		.arch armv7-a
   2              		.eabi_attribute 28, 1
   3              		.eabi_attribute 23, 1
   4              		.eabi_attribute 24, 1
   5              		.eabi_attribute 25, 1
   6              		.eabi_attribute 26, 2
   7              		.eabi_attribute 30, 4
   8              		.eabi_attribute 34, 1
   9              		.eabi_attribute 18, 4
  10              		.file	"smtc_hal_watchdog.c"
  11              		.text
  12              		.section	.text.hal_watchdog_init,"ax",%progbits
  13              		.align	2
  14              		.global	hal_watchdog_init
  15              		.arch armv7-a
  16              		.syntax unified
  17              		.arm
  18              		.fpu neon
  20              	hal_watchdog_init:
  21              		@ args = 0, pretend = 0, frame = 0
  22              		@ frame_needed = 0, uses_anonymous_args = 0
  23              		@ link register save eliminated.
  24 0000 1EFF2FE1 		bx	lr
  26              		.section	.text.hal_watchdog_reload,"ax",%progbits
  27              		.align	2
  28              		.global	hal_watchdog_reload
  29              		.syntax unified
  30              		.arm
  31              		.fpu neon
  33              	hal_watchdog_reload:
  34              		@ args = 0, pretend = 0, frame = 0
  35              		@ frame_needed = 0, uses_anonymous_args = 0
  36              		@ link register save eliminated.
  37 0000 1EFF2FE1 		bx	lr
  39              		.ident	"GCC: (crosstool-NG 1.24.0) 8.3.0"
  40              		.section	.note.GNU-stack,"",%progbits
ARM GAS  /tmp/ccRlD0Y0.s 			page 2


DEFINED SYMBOLS
                            *ABS*:0000000000000000 smtc_hal_watchdog.c
     /tmp/ccRlD0Y0.s:13     .text.hal_watchdog_init:0000000000000000 $a
     /tmp/ccRlD0Y0.s:20     .text.hal_watchdog_init:0000000000000000 hal_watchdog_init
     /tmp/ccRlD0Y0.s:27     .text.hal_watchdog_reload:0000000000000000 $a
     /tmp/ccRlD0Y0.s:33     .text.hal_watchdog_reload:0000000000000000 hal_watchdog_reload

NO UNDEFINED SYMBOLS
