ARM GAS  /tmp/cc1iw0ln.s 			page 1


   1              		.arch armv7-a
   2              		.eabi_attribute 28, 1
   3              		.eabi_attribute 23, 1
   4              		.eabi_attribute 24, 1
   5              		.eabi_attribute 25, 1
   6              		.eabi_attribute 26, 2
   7              		.eabi_attribute 30, 4
   8              		.eabi_attribute 34, 1
   9              		.eabi_attribute 18, 4
  10              		.file	"smtc_hal_rng.c"
  11              		.text
  12              		.section	.text.hal_rng_get_random,"ax",%progbits
  13              		.align	2
  14              		.global	hal_rng_get_random
  15              		.arch armv7-a
  16              		.syntax unified
  17              		.arm
  18              		.fpu neon
  20              	hal_rng_get_random:
  21              		@ args = 0, pretend = 0, frame = 0
  22              		@ frame_needed = 0, uses_anonymous_args = 0
  23              		@ link register save eliminated.
  24 0000 FEFFFFEA 		b	rand
  26              		.global	__aeabi_uidivmod
  27              		.section	.text.hal_rng_get_random_in_range,"ax",%progbits
  28              		.align	2
  29              		.global	hal_rng_get_random_in_range
  30              		.syntax unified
  31              		.arm
  32              		.fpu neon
  34              	hal_rng_get_random_in_range:
  35              		@ args = 0, pretend = 0, frame = 0
  36              		@ frame_needed = 0, uses_anonymous_args = 0
  37 0000 010050E1 		cmp	r0, r1
  38 0004 70402DE9 		push	{r4, r5, r6, lr}
  39 0008 0050A0E1 		mov	r5, r0
  40 000c 0140A0E1 		mov	r4, r1
  41 0010 0500008A 		bhi	.L3
  42 0014 FEFFFFEB 		bl	rand
  43 0018 011084E2 		add	r1, r4, #1
  44 001c 051041E0 		sub	r1, r1, r5
  45 0020 FEFFFFEB 		bl	__aeabi_uidivmod
  46 0024 050081E0 		add	r0, r1, r5
  47 0028 7080BDE8 		pop	{r4, r5, r6, pc}
  48              	.L3:
  49 002c FEFFFFEB 		bl	rand
  50 0030 041045E0 		sub	r1, r5, r4
  51 0034 011081E2 		add	r1, r1, #1
  52 0038 FEFFFFEB 		bl	__aeabi_uidivmod
  53 003c 040081E0 		add	r0, r1, r4
  54 0040 7080BDE8 		pop	{r4, r5, r6, pc}
  56              		.section	.text.hal_rng_get_signed_random_in_range,"ax",%progbits
  57              		.align	2
  58              		.global	hal_rng_get_signed_random_in_range
  59              		.syntax unified
  60              		.arm
  61              		.fpu neon
ARM GAS  /tmp/cc1iw0ln.s 			page 2


  63              	hal_rng_get_signed_random_in_range:
  64              		@ args = 0, pretend = 0, frame = 0
  65              		@ frame_needed = 0, uses_anonymous_args = 0
  66 0000 010050E1 		cmp	r0, r1
  67 0004 70402DE9 		push	{r4, r5, r6, lr}
  68 0008 0050A0E1 		mov	r5, r0
  69 000c 0140A0E1 		mov	r4, r1
  70 0010 040000CA 		bgt	.L7
  71 0014 001041E0 		sub	r1, r1, r0
  72 0018 0000A0E3 		mov	r0, #0
  73 001c FEFFFFEB 		bl	hal_rng_get_random_in_range
  74 0020 000085E0 		add	r0, r5, r0
  75 0024 7080BDE8 		pop	{r4, r5, r6, pc}
  76              	.L7:
  77 0028 011040E0 		sub	r1, r0, r1
  78 002c 0000A0E3 		mov	r0, #0
  79 0030 FEFFFFEB 		bl	hal_rng_get_random_in_range
  80 0034 000084E0 		add	r0, r4, r0
  81 0038 7080BDE8 		pop	{r4, r5, r6, pc}
  83              		.ident	"GCC: (crosstool-NG 1.24.0) 8.3.0"
  84              		.section	.note.GNU-stack,"",%progbits
ARM GAS  /tmp/cc1iw0ln.s 			page 3


DEFINED SYMBOLS
                            *ABS*:0000000000000000 smtc_hal_rng.c
     /tmp/cc1iw0ln.s:13     .text.hal_rng_get_random:0000000000000000 $a
     /tmp/cc1iw0ln.s:20     .text.hal_rng_get_random:0000000000000000 hal_rng_get_random
     /tmp/cc1iw0ln.s:28     .text.hal_rng_get_random_in_range:0000000000000000 $a
     /tmp/cc1iw0ln.s:34     .text.hal_rng_get_random_in_range:0000000000000000 hal_rng_get_random_in_range
     /tmp/cc1iw0ln.s:57     .text.hal_rng_get_signed_random_in_range:0000000000000000 $a
     /tmp/cc1iw0ln.s:63     .text.hal_rng_get_signed_random_in_range:0000000000000000 hal_rng_get_signed_random_in_range

UNDEFINED SYMBOLS
rand
__aeabi_uidivmod
