ARM GAS  /tmp/ccVUIJp7.s 			page 1


   1              		.arch armv7-a
   2              		.eabi_attribute 28, 1
   3              		.eabi_attribute 23, 1
   4              		.eabi_attribute 24, 1
   5              		.eabi_attribute 25, 1
   6              		.eabi_attribute 26, 2
   7              		.eabi_attribute 30, 4
   8              		.eabi_attribute 34, 1
   9              		.eabi_attribute 18, 4
  10              		.file	"smtc_hal_eeprom.c"
  11              		.text
  12              		.section	.text.hal_eeprom_write_buffer,"ax",%progbits
  13              		.align	2
  14              		.global	hal_eeprom_write_buffer
  15              		.arch armv7-a
  16              		.syntax unified
  17              		.arm
  18              		.fpu neon
  20              	hal_eeprom_write_buffer:
  21              		@ args = 0, pretend = 0, frame = 0
  22              		@ frame_needed = 0, uses_anonymous_args = 0
  23 0000 F0412DE9 		push	{r4, r5, r6, r7, r8, lr}
  24 0004 0070A0E1 		mov	r7, r0
  25 0008 0150A0E1 		mov	r5, r1
  26 000c 58009FE5 		ldr	r0, .L6
  27 0010 58109FE5 		ldr	r1, .L6+4
  28 0014 0260A0E1 		mov	r6, r2
  29 0018 FEFFFFEB 		bl	fopen
  30 001c 004050E2 		subs	r4, r0, #0
  31 0020 4C009F05 		ldreq	r0, .L6+8
  32 0024 0500000A 		beq	.L5
  33 0028 0020A0E3 		mov	r2, #0
  34 002c 0710A0E1 		mov	r1, r7
  35 0030 FEFFFFEB 		bl	fseek
  36 0034 000050E3 		cmp	r0, #0
  37 0038 0300000A 		beq	.L3
  38 003c 34009FE5 		ldr	r0, .L6+12
  39              	.L5:
  40 0040 FEFFFFEB 		bl	printf
  41 0044 0000E0E3 		mvn	r0, #0
  42 0048 FEFFFFEB 		bl	exit
  43              	.L3:
  44 004c 0430A0E1 		mov	r3, r4
  45 0050 0610A0E1 		mov	r1, r6
  46 0054 0500A0E1 		mov	r0, r5
  47 0058 0120A0E3 		mov	r2, #1
  48 005c FEFFFFEB 		bl	fwrite
  49 0060 0400A0E1 		mov	r0, r4
  50 0064 F041BDE8 		pop	{r4, r5, r6, r7, r8, lr}
  51 0068 FEFFFFEA 		b	fclose
  52              	.L7:
  53              		.align	2
  54              	.L6:
  55 006c 04000000 		.word	.LC1
  56 0070 00000000 		.word	.LC0
  57 0074 0F000000 		.word	.LC2
  58 0078 3E000000 		.word	.LC3
ARM GAS  /tmp/ccVUIJp7.s 			page 2


  60              		.section	.text.hal_eeprom_read_buffer,"ax",%progbits
  61              		.align	2
  62              		.global	hal_eeprom_read_buffer
  63              		.syntax unified
  64              		.arm
  65              		.fpu neon
  67              	hal_eeprom_read_buffer:
  68              		@ args = 0, pretend = 0, frame = 0
  69              		@ frame_needed = 0, uses_anonymous_args = 0
  70 0000 F0412DE9 		push	{r4, r5, r6, r7, r8, lr}
  71 0004 0070A0E1 		mov	r7, r0
  72 0008 0150A0E1 		mov	r5, r1
  73 000c 58009FE5 		ldr	r0, .L13
  74 0010 58109FE5 		ldr	r1, .L13+4
  75 0014 0260A0E1 		mov	r6, r2
  76 0018 FEFFFFEB 		bl	fopen
  77 001c 004050E2 		subs	r4, r0, #0
  78 0020 4C009F05 		ldreq	r0, .L13+8
  79 0024 0500000A 		beq	.L12
  80 0028 0020A0E3 		mov	r2, #0
  81 002c 0710A0E1 		mov	r1, r7
  82 0030 FEFFFFEB 		bl	fseek
  83 0034 000050E3 		cmp	r0, #0
  84 0038 0300000A 		beq	.L10
  85 003c 34009FE5 		ldr	r0, .L13+12
  86              	.L12:
  87 0040 FEFFFFEB 		bl	printf
  88 0044 0000E0E3 		mvn	r0, #0
  89 0048 FEFFFFEB 		bl	exit
  90              	.L10:
  91 004c 0430A0E1 		mov	r3, r4
  92 0050 0610A0E1 		mov	r1, r6
  93 0054 0500A0E1 		mov	r0, r5
  94 0058 0120A0E3 		mov	r2, #1
  95 005c FEFFFFEB 		bl	fread
  96 0060 0400A0E1 		mov	r0, r4
  97 0064 F041BDE8 		pop	{r4, r5, r6, r7, r8, lr}
  98 0068 FEFFFFEA 		b	fclose
  99              	.L14:
 100              		.align	2
 101              	.L13:
 102 006c 04000000 		.word	.LC1
 103 0070 00000000 		.word	.LC0
 104 0074 00000000 		.word	.LC4
 105 0078 3E000000 		.word	.LC3
 107              		.section	.rodata.hal_eeprom_read_buffer.str1.1,"aMS",%progbits,1
 108              	.LC4:
 109 0000 45455052 		.ascii	"EEPROM Error: File cannot be opened for read\012\000"
 109      4F4D2045 
 109      72726F72 
 109      3A204669 
 109      6C652063 
 110              		.section	.rodata.hal_eeprom_write_buffer.str1.1,"aMS",%progbits,1
 111              	.LC0:
 112 0000 72622B00 		.ascii	"rb+\000"
 113              	.LC1:
 114 0004 65657072 		.ascii	"eeprom.dat\000"
ARM GAS  /tmp/ccVUIJp7.s 			page 3


 114      6F6D2E64 
 114      617400
 115              	.LC2:
 116 000f 45455052 		.ascii	"EEPROM Error: File cannot be opened for write\012\000"
 116      4F4D2045 
 116      72726F72 
 116      3A204669 
 116      6C652063 
 117              	.LC3:
 118 003e 45455052 		.ascii	"EEPROM Error: Cannot access address in EEPROM\012\000"
 118      4F4D2045 
 118      72726F72 
 118      3A204361 
 118      6E6E6F74 
 119              		.ident	"GCC: (crosstool-NG 1.24.0) 8.3.0"
 120              		.section	.note.GNU-stack,"",%progbits
ARM GAS  /tmp/ccVUIJp7.s 			page 4


DEFINED SYMBOLS
                            *ABS*:0000000000000000 smtc_hal_eeprom.c
     /tmp/ccVUIJp7.s:13     .text.hal_eeprom_write_buffer:0000000000000000 $a
     /tmp/ccVUIJp7.s:20     .text.hal_eeprom_write_buffer:0000000000000000 hal_eeprom_write_buffer
     /tmp/ccVUIJp7.s:55     .text.hal_eeprom_write_buffer:000000000000006c $d
     /tmp/ccVUIJp7.s:61     .text.hal_eeprom_read_buffer:0000000000000000 $a
     /tmp/ccVUIJp7.s:67     .text.hal_eeprom_read_buffer:0000000000000000 hal_eeprom_read_buffer
     /tmp/ccVUIJp7.s:102    .text.hal_eeprom_read_buffer:000000000000006c $d

UNDEFINED SYMBOLS
fopen
fseek
printf
exit
fwrite
fclose
fread
