ARM GAS  /tmp/ccPU945P.s 			page 1


   1              		.arch armv7-a
   2              		.eabi_attribute 28, 1
   3              		.eabi_attribute 23, 1
   4              		.eabi_attribute 24, 1
   5              		.eabi_attribute 25, 1
   6              		.eabi_attribute 26, 2
   7              		.eabi_attribute 30, 4
   8              		.eabi_attribute 34, 1
   9              		.eabi_attribute 18, 4
  10              		.file	"smtc_hal_gpio.c"
  11              		.text
  12              		.section	.text.irq_handler,"ax",%progbits
  13              		.align	2
  14              		.global	irq_handler
  15              		.arch armv7-a
  16              		.syntax unified
  17              		.arm
  18              		.fpu neon
  20              	irq_handler:
  21              		@ args = 0, pretend = 0, frame = 64
  22              		@ frame_needed = 0, uses_anonymous_args = 0
  23 0000 F0412DE9 		push	{r4, r5, r6, r7, r8, lr}
  24 0004 40D04DE2 		sub	sp, sp, #64
  25 0008 003090E5 		ldr	r3, [r0]
  26 000c 3210A0E3 		mov	r1, #50
  27 0010 D8209FE5 		ldr	r2, .L12
  28 0014 0050A0E1 		mov	r5, r0
  29 0018 0C008DE2 		add	r0, sp, #12
  30 001c FEFFFFEB 		bl	snprintf
  31 0020 0010A0E3 		mov	r1, #0
  32 0024 0C008DE2 		add	r0, sp, #12
  33 0028 FEFFFFEB 		bl	open
  34 002c 010070E3 		cmn	r0, #1
  35 0030 0040A0E1 		mov	r4, r0
  36 0034 0400001A 		bne	.L2
  37 0038 001095E5 		ldr	r1, [r5]
  38 003c B0009FE5 		ldr	r0, .L12+4
  39 0040 FEFFFFEB 		bl	printf
  40              	.L11:
  41 0044 0000E0E3 		mvn	r0, #0
  42 0048 FEFFFFEB 		bl	exit
  43              	.L2:
  44 004c A4709FE5 		ldr	r7, .L12+8
  45 0050 0A30A0E3 		mov	r3, #10
  46 0054 A0809FE5 		ldr	r8, .L12+12
  47 0058 04008DE5 		str	r0, [sp, #4]
  48 005c 08308DE5 		str	r3, [sp, #8]
  49              	.L3:
  50 0060 6420A0E3 		mov	r2, #100
  51 0064 0110A0E3 		mov	r1, #1
  52 0068 04008DE2 		add	r0, sp, #4
  53 006c FEFFFFEB 		bl	poll
  54 0070 000050E3 		cmp	r0, #0
  55 0074 020000AA 		bge	.L6
  56 0078 0A00A0E3 		mov	r0, #10
  57 007c FEFFFFEB 		bl	usleep
  58 0080 F6FFFFEA 		b	.L3
ARM GAS  /tmp/ccPU945P.s 			page 2


  59              	.L6:
  60 0084 BA30DDE1 		ldrh	r3, [sp, #10]
  61 0088 0A0013E3 		tst	r3, #10
  62 008c F3FFFF0A 		beq	.L3
  63 0090 0060A0E3 		mov	r6, #0
  64 0094 001095E5 		ldr	r1, [r5]
  65 0098 0700A0E1 		mov	r0, r7
  66 009c BA60CDE1 		strh	r6, [sp, #10]	@ movhi
  67 00a0 FEFFFFEB 		bl	printf
  68 00a4 0620A0E1 		mov	r2, r6
  69 00a8 0610A0E1 		mov	r1, r6
  70 00ac 0400A0E1 		mov	r0, r4
  71 00b0 FEFFFFEB 		bl	lseek
  72 00b4 0D10A0E1 		mov	r1, sp
  73 00b8 0120A0E3 		mov	r2, #1
  74 00bc 0400A0E1 		mov	r0, r4
  75 00c0 FEFFFFEB 		bl	read
  76 00c4 001050E2 		subs	r1, r0, #0
  77 00c8 020000AA 		bge	.L5
  78 00cc 2C009FE5 		ldr	r0, .L12+16
  79 00d0 FEFFFFEB 		bl	printf
  80 00d4 DAFFFFEA 		b	.L11
  81              	.L5:
  82 00d8 0D20A0E1 		mov	r2, sp
  83 00dc 0800A0E1 		mov	r0, r8
  84 00e0 FEFFFFEB 		bl	printf
  85 00e4 090095E9 		ldmib	r5, {r0, r3}
  86 00e8 33FF2FE1 		blx	r3
  87 00ec DBFFFFEA 		b	.L3
  88              	.L13:
  89              		.align	2
  90              	.L12:
  91 00f0 00000000 		.word	.LC0
  92 00f4 1D000000 		.word	.LC1
  93 00f8 48000000 		.word	.LC2
  94 00fc 75000000 		.word	.LC4
  95 0100 5C000000 		.word	.LC3
  97              		.section	.text.hal_gpio_init_in,"ax",%progbits
  98              		.align	2
  99              		.global	hal_gpio_init_in
 100              		.syntax unified
 101              		.arm
 102              		.fpu neon
 104              	hal_gpio_init_in:
 105              		@ args = 0, pretend = 0, frame = 104
 106              		@ frame_needed = 0, uses_anonymous_args = 0
 107 0000 010070E3 		cmn	r0, #1
 108 0004 1EFF2F01 		bxeq	lr
 109 0008 F0412DE9 		push	{r4, r5, r6, r7, r8, lr}
 110 000c 0170A0E1 		mov	r7, r1
 111 0010 68D04DE2 		sub	sp, sp, #104
 112 0014 0040A0E1 		mov	r4, r0
 113 0018 58119FE5 		ldr	r1, .L39
 114 001c 0360A0E1 		mov	r6, r3
 115 0020 54019FE5 		ldr	r0, .L39+4
 116 0024 0250A0E1 		mov	r5, r2
 117 0028 FEFFFFEB 		bl	fopen
ARM GAS  /tmp/ccPU945P.s 			page 3


 118 002c 008050E2 		subs	r8, r0, #0
 119 0030 0300001A 		bne	.L16
 120 0034 44019FE5 		ldr	r0, .L39+8
 121 0038 FEFFFFEB 		bl	printf
 122 003c 0000E0E3 		mvn	r0, #0
 123 0040 FEFFFFEB 		bl	exit
 124              	.L16:
 125 0044 0420A0E1 		mov	r2, r4
 126 0048 34119FE5 		ldr	r1, .L39+12
 127 004c FEFFFFEB 		bl	fprintf
 128 0050 0800A0E1 		mov	r0, r8
 129 0054 FEFFFFEB 		bl	fclose
 130 0058 0430A0E1 		mov	r3, r4
 131 005c 24219FE5 		ldr	r2, .L39+16
 132 0060 3210A0E3 		mov	r1, #50
 133 0064 0D00A0E1 		mov	r0, sp
 134 0068 FEFFFFEB 		bl	snprintf
 135 006c 04119FE5 		ldr	r1, .L39
 136 0070 0D00A0E1 		mov	r0, sp
 137 0074 FEFFFFEB 		bl	fopen
 138 0078 008050E2 		subs	r8, r0, #0
 139 007c 0300001A 		bne	.L17
 140 0080 04019FE5 		ldr	r0, .L39+20
 141 0084 FEFFFFEB 		bl	printf
 142 0088 0000E0E3 		mvn	r0, #0
 143 008c FEFFFFEB 		bl	exit
 144              	.L17:
 145 0090 F8109FE5 		ldr	r1, .L39+24
 146 0094 FEFFFFEB 		bl	fprintf
 147 0098 0800A0E1 		mov	r0, r8
 148 009c FEFFFFEB 		bl	fclose
 149 00a0 000057E3 		cmp	r7, #0
 150 00a4 1300000A 		beq	.L18
 151 00a8 0430A0E1 		mov	r3, r4
 152 00ac E0209FE5 		ldr	r2, .L39+28
 153 00b0 3210A0E3 		mov	r1, #50
 154 00b4 34008DE2 		add	r0, sp, #52
 155 00b8 FEFFFFEB 		bl	snprintf
 156 00bc B4109FE5 		ldr	r1, .L39
 157 00c0 34008DE2 		add	r0, sp, #52
 158 00c4 FEFFFFEB 		bl	fopen
 159 00c8 008050E2 		subs	r8, r0, #0
 160 00cc 0300001A 		bne	.L19
 161 00d0 C0009FE5 		ldr	r0, .L39+32
 162 00d4 FEFFFFEB 		bl	printf
 163 00d8 0000E0E3 		mvn	r0, #0
 164 00dc FEFFFFEB 		bl	exit
 165              	.L19:
 166 00e0 010057E3 		cmp	r7, #1
 167 00e4 B0109F05 		ldreq	r1, .L39+36
 168 00e8 B0109F15 		ldrne	r1, .L39+40
 169 00ec FEFFFFEB 		bl	fprintf
 170 00f0 0800A0E1 		mov	r0, r8
 171 00f4 FEFFFFEB 		bl	fclose
 172              	.L18:
 173 00f8 0430A0E1 		mov	r3, r4
 174 00fc A0209FE5 		ldr	r2, .L39+44
ARM GAS  /tmp/ccPU945P.s 			page 4


 175 0100 3210A0E3 		mov	r1, #50
 176 0104 34008DE2 		add	r0, sp, #52
 177 0108 FEFFFFEB 		bl	snprintf
 178 010c 64109FE5 		ldr	r1, .L39
 179 0110 34008DE2 		add	r0, sp, #52
 180 0114 FEFFFFEB 		bl	fopen
 181 0118 007050E2 		subs	r7, r0, #0
 182 011c 0300001A 		bne	.L22
 183 0120 80009FE5 		ldr	r0, .L39+48
 184 0124 FEFFFFEB 		bl	printf
 185 0128 0000E0E3 		mvn	r0, #0
 186 012c FEFFFFEB 		bl	exit
 187              	.L22:
 188 0130 020055E3 		cmp	r5, #2
 189 0134 0A00000A 		beq	.L23
 190 0138 030055E3 		cmp	r5, #3
 191 013c 0B00000A 		beq	.L24
 192 0140 010055E3 		cmp	r5, #1
 193 0144 60109F05 		ldreq	r1, .L39+52
 194 0148 0600000A 		beq	.L38
 195              	.L25:
 196 014c 0700A0E1 		mov	r0, r7
 197 0150 FEFFFFEB 		bl	fclose
 198 0154 000056E3 		cmp	r6, #0
 199 0158 00408615 		strne	r4, [r6]
 200 015c 68D08DE2 		add	sp, sp, #104
 201              		@ sp needed
 202 0160 F081BDE8 		pop	{r4, r5, r6, r7, r8, pc}
 203              	.L23:
 204 0164 44109FE5 		ldr	r1, .L39+56
 205              	.L38:
 206 0168 FEFFFFEB 		bl	fprintf
 207 016c F6FFFFEA 		b	.L25
 208              	.L24:
 209 0170 3C109FE5 		ldr	r1, .L39+60
 210 0174 FBFFFFEA 		b	.L38
 211              	.L40:
 212              		.align	2
 213              	.L39:
 214 0178 00000000 		.word	.LC5
 215 017c 02000000 		.word	.LC6
 216 0180 19000000 		.word	.LC7
 217 0184 39000000 		.word	.LC8
 218 0188 3C000000 		.word	.LC9
 219 018c 5D000000 		.word	.LC10
 220 0190 80000000 		.word	.LC11
 221 0194 83000000 		.word	.LC12
 222 0198 A5000000 		.word	.LC13
 223 019c C9000000 		.word	.LC14
 224 01a0 CB000000 		.word	.LC15
 225 01a4 CD000000 		.word	.LC16
 226 01a8 E9000000 		.word	.LC17
 227 01ac 07010000 		.word	.LC18
 228 01b0 0E010000 		.word	.LC19
 229 01b4 16010000 		.word	.LC20
 231              		.section	.text.hal_gpio_init_out,"ax",%progbits
 232              		.align	2
ARM GAS  /tmp/ccPU945P.s 			page 5


 233              		.global	hal_gpio_init_out
 234              		.syntax unified
 235              		.arm
 236              		.fpu neon
 238              	hal_gpio_init_out:
 239              		@ args = 0, pretend = 0, frame = 56
 240              		@ frame_needed = 0, uses_anonymous_args = 0
 241 0000 010070E3 		cmn	r0, #1
 242 0004 1EFF2F01 		bxeq	lr
 243 0008 30402DE9 		push	{r4, r5, lr}
 244 000c 0040A0E1 		mov	r4, r0
 245 0010 3CD04DE2 		sub	sp, sp, #60
 246 0014 80109FE5 		ldr	r1, .L50
 247 0018 80009FE5 		ldr	r0, .L50+4
 248 001c FEFFFFEB 		bl	fopen
 249 0020 005050E2 		subs	r5, r0, #0
 250 0024 0300001A 		bne	.L44
 251 0028 74009FE5 		ldr	r0, .L50+8
 252 002c FEFFFFEB 		bl	printf
 253 0030 0000E0E3 		mvn	r0, #0
 254 0034 FEFFFFEB 		bl	exit
 255              	.L44:
 256 0038 0420A0E1 		mov	r2, r4
 257 003c 64109FE5 		ldr	r1, .L50+12
 258 0040 FEFFFFEB 		bl	fprintf
 259 0044 0500A0E1 		mov	r0, r5
 260 0048 FEFFFFEB 		bl	fclose
 261 004c 0430A0E1 		mov	r3, r4
 262 0050 54209FE5 		ldr	r2, .L50+16
 263 0054 3210A0E3 		mov	r1, #50
 264 0058 04008DE2 		add	r0, sp, #4
 265 005c FEFFFFEB 		bl	snprintf
 266 0060 34109FE5 		ldr	r1, .L50
 267 0064 04008DE2 		add	r0, sp, #4
 268 0068 FEFFFFEB 		bl	fopen
 269 006c 004050E2 		subs	r4, r0, #0
 270 0070 0300001A 		bne	.L45
 271 0074 34009FE5 		ldr	r0, .L50+20
 272 0078 FEFFFFEB 		bl	printf
 273 007c 0000E0E3 		mvn	r0, #0
 274 0080 FEFFFFEB 		bl	exit
 275              	.L45:
 276 0084 28109FE5 		ldr	r1, .L50+24
 277 0088 FEFFFFEB 		bl	fprintf
 278 008c 0400A0E1 		mov	r0, r4
 279 0090 FEFFFFEB 		bl	fclose
 280 0094 3CD08DE2 		add	sp, sp, #60
 281              		@ sp needed
 282 0098 3080BDE8 		pop	{r4, r5, pc}
 283              	.L51:
 284              		.align	2
 285              	.L50:
 286 009c 00000000 		.word	.LC5
 287 00a0 02000000 		.word	.LC6
 288 00a4 19000000 		.word	.LC7
 289 00a8 39000000 		.word	.LC8
 290 00ac 3C000000 		.word	.LC9
ARM GAS  /tmp/ccPU945P.s 			page 6


 291 00b0 5D000000 		.word	.LC10
 292 00b4 00000000 		.word	.LC21
 294              		.section	.text.hal_gpio_irq_attach,"ax",%progbits
 295              		.align	2
 296              		.global	hal_gpio_irq_attach
 297              		.syntax unified
 298              		.arm
 299              		.fpu neon
 301              	hal_gpio_irq_attach:
 302              		@ args = 0, pretend = 0, frame = 0
 303              		@ frame_needed = 0, uses_anonymous_args = 0
 304              		@ link register save eliminated.
 305 0000 003050E2 		subs	r3, r0, #0
 306 0004 1EFF2F01 		bxeq	lr
 307 0008 082093E5 		ldr	r2, [r3, #8]
 308 000c 000052E3 		cmp	r2, #0
 309 0010 1EFF2F01 		bxeq	lr
 310 0014 00C093E5 		ldr	ip, [r3]
 311 0018 0010A0E3 		mov	r1, #0
 312 001c 08009FE5 		ldr	r0, .L60
 313 0020 08209FE5 		ldr	r2, .L60+4
 314 0024 0C0180E0 		add	r0, r0, ip, lsl #2
 315 0028 FEFFFFEA 		b	pthread_create
 316              	.L61:
 317              		.align	2
 318              	.L60:
 319 002c 00000000 		.word	thread_id
 320 0030 00000000 		.word	irq_handler
 322              		.section	.text.hal_gpio_irq_deatach,"ax",%progbits
 323              		.align	2
 324              		.global	hal_gpio_irq_deatach
 325              		.syntax unified
 326              		.arm
 327              		.fpu neon
 329              	hal_gpio_irq_deatach:
 330              		@ args = 0, pretend = 0, frame = 0
 331              		@ frame_needed = 0, uses_anonymous_args = 0
 332              		@ link register save eliminated.
 333 0000 000050E3 		cmp	r0, #0
 334 0004 1EFF2F01 		bxeq	lr
 335 0008 003090E5 		ldr	r3, [r0]
 336 000c FF0F53E3 		cmp	r3, #1020
 337 0010 1EFF2F21 		bxcs	lr
 338 0014 08209FE5 		ldr	r2, .L67
 339 0018 0010A0E3 		mov	r1, #0
 340 001c 030192E7 		ldr	r0, [r2, r3, lsl #2]
 341 0020 FEFFFFEA 		b	pthread_kill
 342              	.L68:
 343              		.align	2
 344              	.L67:
 345 0024 00000000 		.word	thread_id
 347              		.section	.text.hal_gpio_irq_enable,"ax",%progbits
 348              		.align	2
 349              		.global	hal_gpio_irq_enable
 350              		.syntax unified
 351              		.arm
 352              		.fpu neon
ARM GAS  /tmp/ccPU945P.s 			page 7


 354              	hal_gpio_irq_enable:
 355              		@ args = 0, pretend = 0, frame = 0
 356              		@ frame_needed = 0, uses_anonymous_args = 0
 357              		@ link register save eliminated.
 358 0000 1EFF2FE1 		bx	lr
 360              		.section	.text.hal_gpio_irq_disable,"ax",%progbits
 361              		.align	2
 362              		.global	hal_gpio_irq_disable
 363              		.syntax unified
 364              		.arm
 365              		.fpu neon
 367              	hal_gpio_irq_disable:
 368              		@ args = 0, pretend = 0, frame = 0
 369              		@ frame_needed = 0, uses_anonymous_args = 0
 370              		@ link register save eliminated.
 371 0000 1EFF2FE1 		bx	lr
 373              		.section	.text.hal_gpio_set_value,"ax",%progbits
 374              		.align	2
 375              		.global	hal_gpio_set_value
 376              		.syntax unified
 377              		.arm
 378              		.fpu neon
 380              	hal_gpio_set_value:
 381              		@ args = 0, pretend = 0, frame = 56
 382              		@ frame_needed = 0, uses_anonymous_args = 0
 383 0000 010070E3 		cmn	r0, #1
 384 0004 1EFF2F01 		bxeq	lr
 385 0008 70402DE9 		push	{r4, r5, r6, lr}
 386 000c 38D04DE2 		sub	sp, sp, #56
 387 0010 0030A0E1 		mov	r3, r0
 388 0014 68209FE5 		ldr	r2, .L79
 389 0018 0150A0E1 		mov	r5, r1
 390 001c 0040A0E1 		mov	r4, r0
 391 0020 3210A0E3 		mov	r1, #50
 392 0024 04008DE2 		add	r0, sp, #4
 393 0028 FEFFFFEB 		bl	snprintf
 394 002c 54109FE5 		ldr	r1, .L79+4
 395 0030 04008DE2 		add	r0, sp, #4
 396 0034 FEFFFFEB 		bl	fopen
 397 0038 006050E2 		subs	r6, r0, #0
 398 003c 0400001A 		bne	.L74
 399 0040 0410A0E1 		mov	r1, r4
 400 0044 40009FE5 		ldr	r0, .L79+8
 401 0048 FEFFFFEB 		bl	printf
 402 004c 0000E0E3 		mvn	r0, #0
 403 0050 FEFFFFEB 		bl	exit
 404              	.L74:
 405 0054 0530A0E1 		mov	r3, r5
 406 0058 30209FE5 		ldr	r2, .L79+12
 407 005c 0110A0E3 		mov	r1, #1
 408 0060 0D00A0E1 		mov	r0, sp
 409 0064 FEFFFFEB 		bl	snprintf
 410 0068 0D10A0E1 		mov	r1, sp
 411 006c 0600A0E1 		mov	r0, r6
 412 0070 FEFFFFEB 		bl	fprintf
 413 0074 0600A0E1 		mov	r0, r6
 414 0078 FEFFFFEB 		bl	fclose
ARM GAS  /tmp/ccPU945P.s 			page 8


 415 007c 38D08DE2 		add	sp, sp, #56
 416              		@ sp needed
 417 0080 7080BDE8 		pop	{r4, r5, r6, pc}
 418              	.L80:
 419              		.align	2
 420              	.L79:
 421 0084 00000000 		.word	.LC0
 422 0088 00000000 		.word	.LC5
 423 008c 00000000 		.word	.LC22
 424 0090 39000000 		.word	.LC8
 426              		.section	.text.hal_gpio_get_value,"ax",%progbits
 427              		.align	2
 428              		.global	hal_gpio_get_value
 429              		.syntax unified
 430              		.arm
 431              		.fpu neon
 433              	hal_gpio_get_value:
 434              		@ args = 0, pretend = 0, frame = 56
 435              		@ frame_needed = 0, uses_anonymous_args = 0
 436 0000 10402DE9 		push	{r4, lr}
 437 0004 38D04DE2 		sub	sp, sp, #56
 438 0008 0030A0E1 		mov	r3, r0
 439 000c 4C209FE5 		ldr	r2, .L84
 440 0010 3210A0E3 		mov	r1, #50
 441 0014 04008DE2 		add	r0, sp, #4
 442 0018 FEFFFFEB 		bl	snprintf
 443 001c 0110A0E3 		mov	r1, #1
 444 0020 04008DE2 		add	r0, sp, #4
 445 0024 FEFFFFEB 		bl	open
 446 0028 010070E3 		cmn	r0, #1
 447 002c 0400001A 		bne	.L82
 448 0030 0040A0E1 		mov	r4, r0
 449 0034 28009FE5 		ldr	r0, .L84+4
 450 0038 FEFFFFEB 		bl	printf
 451 003c 0400A0E1 		mov	r0, r4
 452 0040 FEFFFFEB 		bl	exit
 453              	.L82:
 454 0044 0120A0E3 		mov	r2, #1
 455 0048 0D10A0E1 		mov	r1, sp
 456 004c FEFFFFEB 		bl	read
 457 0050 0D00A0E1 		mov	r0, sp
 458 0054 FEFFFFEB 		bl	atoi
 459 0058 38D08DE2 		add	sp, sp, #56
 460              		@ sp needed
 461 005c 1080BDE8 		pop	{r4, pc}
 462              	.L85:
 463              		.align	2
 464              	.L84:
 465 0060 00000000 		.word	.LC0
 466 0064 00000000 		.word	.LC23
 468              		.section	.text.hal_gpio_clear_pending_irq,"ax",%progbits
 469              		.align	2
 470              		.global	hal_gpio_clear_pending_irq
 471              		.syntax unified
 472              		.arm
 473              		.fpu neon
 475              	hal_gpio_clear_pending_irq:
ARM GAS  /tmp/ccPU945P.s 			page 9


 476              		@ args = 0, pretend = 0, frame = 0
 477              		@ frame_needed = 0, uses_anonymous_args = 0
 478              		@ link register save eliminated.
 479 0000 1EFF2FE1 		bx	lr
 481              		.section	.text.hal_gpio_enable_clock,"ax",%progbits
 482              		.align	2
 483              		.global	hal_gpio_enable_clock
 484              		.syntax unified
 485              		.arm
 486              		.fpu neon
 488              	hal_gpio_enable_clock:
 489              		@ args = 0, pretend = 0, frame = 0
 490              		@ frame_needed = 0, uses_anonymous_args = 0
 491              		@ link register save eliminated.
 492 0000 1EFF2FE1 		bx	lr
 494              		.comm	thread_id,1020,4
 495              		.section	.rodata.hal_gpio_get_value.str1.1,"aMS",%progbits,1
 496              	.LC23:
 497 0000 4661696C 		.ascii	"Failed to open GPIO value file\012\000"
 497      65642074 
 497      6F206F70 
 497      656E2047 
 497      50494F20 
 498              		.section	.rodata.hal_gpio_init_in.str1.1,"aMS",%progbits,1
 499              	.LC5:
 500 0000 7700     		.ascii	"w\000"
 501              	.LC6:
 502 0002 2F737973 		.ascii	"/sys/class/gpio/export\000"
 502      2F636C61 
 502      73732F67 
 502      70696F2F 
 502      6578706F 
 503              	.LC7:
 504 0019 4661696C 		.ascii	"Failed to open GPIO export file\000"
 504      65642074 
 504      6F206F70 
 504      656E2047 
 504      50494F20 
 505              	.LC8:
 506 0039 256400   		.ascii	"%d\000"
 507              	.LC9:
 508 003c 2F737973 		.ascii	"/sys/class/gpio/gpio%d/direction\000"
 508      2F636C61 
 508      73732F67 
 508      70696F2F 
 508      6770696F 
 509              	.LC10:
 510 005d 4661696C 		.ascii	"Failed to open GPIO direction file\000"
 510      65642074 
 510      6F206F70 
 510      656E2047 
 510      50494F20 
 511              	.LC11:
 512 0080 696E00   		.ascii	"in\000"
 513              	.LC12:
 514 0083 2F737973 		.ascii	"/sys/class/gpio/gpio%d/active_low\000"
 514      2F636C61 
ARM GAS  /tmp/ccPU945P.s 			page 10


 514      73732F67 
 514      70696F2F 
 514      6770696F 
 515              	.LC13:
 516 00a5 4661696C 		.ascii	"Failed to open GPIO active_low file\000"
 516      65642074 
 516      6F206F70 
 516      656E2047 
 516      50494F20 
 517              	.LC14:
 518 00c9 3000     		.ascii	"0\000"
 519              	.LC15:
 520 00cb 3100     		.ascii	"1\000"
 521              	.LC16:
 522 00cd 2F737973 		.ascii	"/sys/class/gpio/gpio%d/edge\000"
 522      2F636C61 
 522      73732F67 
 522      70696F2F 
 522      6770696F 
 523              	.LC17:
 524 00e9 4661696C 		.ascii	"Failed to open GPIO edge file\000"
 524      65642074 
 524      6F206F70 
 524      656E2047 
 524      50494F20 
 525              	.LC18:
 526 0107 72697369 		.ascii	"rising\000"
 526      6E6700
 527              	.LC19:
 528 010e 66616C6C 		.ascii	"falling\000"
 528      696E6700 
 529              	.LC20:
 530 0116 626F7468 		.ascii	"both\000"
 530      00
 531              		.section	.rodata.hal_gpio_init_out.str1.1,"aMS",%progbits,1
 532              	.LC21:
 533 0000 6F757400 		.ascii	"out\000"
 534              		.section	.rodata.hal_gpio_set_value.str1.1,"aMS",%progbits,1
 535              	.LC22:
 536 0000 53657420 		.ascii	"Set Value: Failed to open GPIO value file %d\012\000"
 536      56616C75 
 536      653A2046 
 536      61696C65 
 536      6420746F 
 537              		.section	.rodata.irq_handler.str1.1,"aMS",%progbits,1
 538              	.LC0:
 539 0000 2F737973 		.ascii	"/sys/class/gpio/gpio%d/value\000"
 539      2F636C61 
 539      73732F67 
 539      70696F2F 
 539      6770696F 
 540              	.LC1:
 541 001d 4952513A 		.ascii	"IRQ: Failed to open GPIO value file for %d\000"
 541      20466169 
 541      6C656420 
 541      746F206F 
 541      70656E20 
ARM GAS  /tmp/ccPU945P.s 			page 11


 542              	.LC2:
 543 0048 4952513A 		.ascii	"IRQ: INTERUPT on %d\000"
 543      20494E54 
 543      45525550 
 543      54206F6E 
 543      20256400 
 544              	.LC3:
 545 005c 4552524F 		.ascii	"ERROR: Poll Read Failed\012\000"
 545      523A2050 
 545      6F6C6C20 
 545      52656164 
 545      20466169 
 546              	.LC4:
 547 0075 252E2A73 		.ascii	"%.*s\000"
 547      00
 548              		.ident	"GCC: (crosstool-NG 1.24.0) 8.3.0"
 549              		.section	.note.GNU-stack,"",%progbits
ARM GAS  /tmp/ccPU945P.s 			page 12


DEFINED SYMBOLS
                            *ABS*:0000000000000000 smtc_hal_gpio.c
     /tmp/ccPU945P.s:13     .text.irq_handler:0000000000000000 $a
     /tmp/ccPU945P.s:20     .text.irq_handler:0000000000000000 irq_handler
     /tmp/ccPU945P.s:91     .text.irq_handler:00000000000000f0 $d
     /tmp/ccPU945P.s:98     .text.hal_gpio_init_in:0000000000000000 $a
     /tmp/ccPU945P.s:104    .text.hal_gpio_init_in:0000000000000000 hal_gpio_init_in
     /tmp/ccPU945P.s:214    .text.hal_gpio_init_in:0000000000000178 $d
     /tmp/ccPU945P.s:232    .text.hal_gpio_init_out:0000000000000000 $a
     /tmp/ccPU945P.s:238    .text.hal_gpio_init_out:0000000000000000 hal_gpio_init_out
     /tmp/ccPU945P.s:286    .text.hal_gpio_init_out:000000000000009c $d
     /tmp/ccPU945P.s:295    .text.hal_gpio_irq_attach:0000000000000000 $a
     /tmp/ccPU945P.s:301    .text.hal_gpio_irq_attach:0000000000000000 hal_gpio_irq_attach
     /tmp/ccPU945P.s:319    .text.hal_gpio_irq_attach:000000000000002c $d
                            *COM*:00000000000003fc thread_id
     /tmp/ccPU945P.s:323    .text.hal_gpio_irq_deatach:0000000000000000 $a
     /tmp/ccPU945P.s:329    .text.hal_gpio_irq_deatach:0000000000000000 hal_gpio_irq_deatach
     /tmp/ccPU945P.s:345    .text.hal_gpio_irq_deatach:0000000000000024 $d
     /tmp/ccPU945P.s:348    .text.hal_gpio_irq_enable:0000000000000000 $a
     /tmp/ccPU945P.s:354    .text.hal_gpio_irq_enable:0000000000000000 hal_gpio_irq_enable
     /tmp/ccPU945P.s:361    .text.hal_gpio_irq_disable:0000000000000000 $a
     /tmp/ccPU945P.s:367    .text.hal_gpio_irq_disable:0000000000000000 hal_gpio_irq_disable
     /tmp/ccPU945P.s:374    .text.hal_gpio_set_value:0000000000000000 $a
     /tmp/ccPU945P.s:380    .text.hal_gpio_set_value:0000000000000000 hal_gpio_set_value
     /tmp/ccPU945P.s:421    .text.hal_gpio_set_value:0000000000000084 $d
     /tmp/ccPU945P.s:427    .text.hal_gpio_get_value:0000000000000000 $a
     /tmp/ccPU945P.s:433    .text.hal_gpio_get_value:0000000000000000 hal_gpio_get_value
     /tmp/ccPU945P.s:465    .text.hal_gpio_get_value:0000000000000060 $d
     /tmp/ccPU945P.s:469    .text.hal_gpio_clear_pending_irq:0000000000000000 $a
     /tmp/ccPU945P.s:475    .text.hal_gpio_clear_pending_irq:0000000000000000 hal_gpio_clear_pending_irq
     /tmp/ccPU945P.s:482    .text.hal_gpio_enable_clock:0000000000000000 $a
     /tmp/ccPU945P.s:488    .text.hal_gpio_enable_clock:0000000000000000 hal_gpio_enable_clock

UNDEFINED SYMBOLS
snprintf
open
printf
exit
poll
usleep
lseek
read
fopen
fprintf
fclose
pthread_create
pthread_kill
atoi
