ARM GAS  /tmp/ccdxks1e.s 			page 1


   1              		.arch armv7-a
   2              		.eabi_attribute 28, 1
   3              		.eabi_attribute 23, 1
   4              		.eabi_attribute 24, 1
   5              		.eabi_attribute 25, 1
   6              		.eabi_attribute 26, 2
   7              		.eabi_attribute 30, 4
   8              		.eabi_attribute 34, 1
   9              		.eabi_attribute 18, 4
  10              		.file	"smtc_hal_trace.c"
  11              		.text
  12              		.section	.text.hal_trace_print,"ax",%progbits
  13              		.align	2
  14              		.global	hal_trace_print
  15              		.arch armv7-a
  16              		.syntax unified
  17              		.arm
  18              		.fpu neon
  20              	hal_trace_print:
  21              		@ args = 0, pretend = 0, frame = 256
  22              		@ frame_needed = 0, uses_anonymous_args = 0
  23 0000 04E02DE5 		str	lr, [sp, #-4]!
  24 0004 41DF4DE2 		sub	sp, sp, #260
  25 0008 0120A0E1 		mov	r2, r1
  26 000c 0010A0E1 		mov	r1, r0
  27 0010 0D00A0E1 		mov	r0, sp
  28 0014 FEFFFFEB 		bl	vsprintf
  29 0018 000050E3 		cmp	r0, #0
  30 001c 040000DA 		ble	.L1
  31 0020 0D00A0E1 		mov	r0, sp
  32 0024 FEFFFFEB 		bl	strlen
  33 0028 7010EFE6 		uxtb	r1, r0
  34 002c 0D00A0E1 		mov	r0, sp
  35 0030 FEFFFFEB 		bl	trace_uart_tx
  36              	.L1:
  37 0034 41DF8DE2 		add	sp, sp, #260
  38              		@ sp needed
  39 0038 04F09DE4 		ldr	pc, [sp], #4
  41              		.section	.text.hal_trace_print_var,"ax",%progbits
  42              		.align	2
  43              		.global	hal_trace_print_var
  44              		.syntax unified
  45              		.arm
  46              		.fpu neon
  48              	hal_trace_print_var:
  49              		@ args = 4, pretend = 16, frame = 8
  50              		@ frame_needed = 0, uses_anonymous_args = 1
  51 0000 0F002DE9 		push	{r0, r1, r2, r3}
  52 0004 07402DE9 		push	{r0, r1, r2, lr}
  53 0008 14108DE2 		add	r1, sp, #20
  54 000c 10009DE5 		ldr	r0, [sp, #16]
  55 0010 04108DE5 		str	r1, [sp, #4]
  56 0014 FEFFFFEB 		bl	hal_trace_print
  57 0018 0CD08DE2 		add	sp, sp, #12
  58              		@ sp needed
  59 001c 04E09DE4 		ldr	lr, [sp], #4
  60 0020 10D08DE2 		add	sp, sp, #16
ARM GAS  /tmp/ccdxks1e.s 			page 2


  61 0024 1EFF2FE1 		bx	lr
  63              		.ident	"GCC: (crosstool-NG 1.24.0) 8.3.0"
  64              		.section	.note.GNU-stack,"",%progbits
ARM GAS  /tmp/ccdxks1e.s 			page 3


DEFINED SYMBOLS
                            *ABS*:0000000000000000 smtc_hal_trace.c
     /tmp/ccdxks1e.s:13     .text.hal_trace_print:0000000000000000 $a
     /tmp/ccdxks1e.s:20     .text.hal_trace_print:0000000000000000 hal_trace_print
     /tmp/ccdxks1e.s:42     .text.hal_trace_print_var:0000000000000000 $a
     /tmp/ccdxks1e.s:48     .text.hal_trace_print_var:0000000000000000 hal_trace_print_var

UNDEFINED SYMBOLS
vsprintf
strlen
trace_uart_tx
