ARM GAS  /tmp/ccy1uatY.s 			page 1


   1              		.arch armv7-a
   2              		.eabi_attribute 28, 1
   3              		.eabi_attribute 23, 1
   4              		.eabi_attribute 24, 1
   5              		.eabi_attribute 25, 1
   6              		.eabi_attribute 26, 2
   7              		.eabi_attribute 30, 4
   8              		.eabi_attribute 34, 1
   9              		.eabi_attribute 18, 4
  10              		.file	"sx127x_hal.c"
  11              		.text
  12              		.section	.text.sx127x_hal_get_radio_id,"ax",%progbits
  13              		.align	2
  14              		.global	sx127x_hal_get_radio_id
  15              		.arch armv7-a
  16              		.syntax unified
  17              		.arm
  18              		.fpu neon
  20              	sx127x_hal_get_radio_id:
  21              		@ args = 0, pretend = 0, frame = 0
  22              		@ frame_needed = 0, uses_anonymous_args = 0
  23              		@ link register save eliminated.
  24 0000 0200A0E3 		mov	r0, #2
  25 0004 1EFF2FE1 		bx	lr
  27              		.section	.text.sx127x_hal_dio_irq_attach,"ax",%progbits
  28              		.align	2
  29              		.global	sx127x_hal_dio_irq_attach
  30              		.syntax unified
  31              		.arm
  32              		.fpu neon
  34              	sx127x_hal_dio_irq_attach:
  35              		@ args = 0, pretend = 0, frame = 0
  36              		@ frame_needed = 0, uses_anonymous_args = 0
  37 0000 10402DE9 		push	{r4, lr}
  38 0004 0040A0E1 		mov	r4, r0
  39 0008 50009FE5 		ldr	r0, .L4
  40 000c 3730A0E3 		mov	r3, #55
  41 0010 003080E5 		str	r3, [r0]
  42 0014 903194E5 		ldr	r3, [r4, #400]
  43 0018 044080E5 		str	r4, [r0, #4]
  44 001c 083080E5 		str	r3, [r0, #8]
  45 0020 FEFFFFEB 		bl	hal_gpio_irq_attach
  46 0024 38009FE5 		ldr	r0, .L4+4
  47 0028 3630A0E3 		mov	r3, #54
  48 002c 003080E5 		str	r3, [r0]
  49 0030 943194E5 		ldr	r3, [r4, #404]
  50 0034 044080E5 		str	r4, [r0, #4]
  51 0038 083080E5 		str	r3, [r0, #8]
  52 003c FEFFFFEB 		bl	hal_gpio_irq_attach
  53 0040 20009FE5 		ldr	r0, .L4+8
  54 0044 0430A0E3 		mov	r3, #4
  55 0048 003080E5 		str	r3, [r0]
  56 004c 983194E5 		ldr	r3, [r4, #408]
  57 0050 044080E5 		str	r4, [r0, #4]
  58 0054 1040BDE8 		pop	{r4, lr}
  59 0058 083080E5 		str	r3, [r0, #8]
  60 005c FEFFFFEA 		b	hal_gpio_irq_attach
ARM GAS  /tmp/ccy1uatY.s 			page 2


  61              	.L5:
  62              		.align	2
  63              	.L4:
  64 0060 00000000 		.word	.LANCHOR0
  65 0064 00000000 		.word	.LANCHOR1
  66 0068 00000000 		.word	.LANCHOR2
  68              		.section	.text.sx127x_hal_write,"ax",%progbits
  69              		.align	2
  70              		.global	sx127x_hal_write
  71              		.syntax unified
  72              		.arm
  73              		.fpu neon
  75              	sx127x_hal_write:
  76              		@ args = 0, pretend = 0, frame = 8
  77              		@ frame_needed = 0, uses_anonymous_args = 0
  78 0000 73402DE9 		push	{r0, r1, r4, r5, r6, lr}
  79 0004 04008DE2 		add	r0, sp, #4
  80 0008 0240A0E1 		mov	r4, r2
  81 000c 0350A0E1 		mov	r5, r3
  82 0010 0160A0E1 		mov	r6, r1
  83 0014 FEFFFFEB 		bl	hal_mcu_critical_section_begin
  84 0018 0010A0E3 		mov	r1, #0
  85 001c 0000E0E3 		mvn	r0, #0
  86 0020 FEFFFFEB 		bl	hal_gpio_set_value
  87 0024 801086E3 		orr	r1, r6, #128
  88 0028 0100A0E3 		mov	r0, #1
  89 002c 055084E0 		add	r5, r4, r5
  90 0030 FEFFFFEB 		bl	hal_spi_in_out
  91              	.L7:
  92 0034 050054E1 		cmp	r4, r5
  93 0038 0700001A 		bne	.L8
  94 003c 0110A0E3 		mov	r1, #1
  95 0040 0000E0E3 		mvn	r0, #0
  96 0044 FEFFFFEB 		bl	hal_gpio_set_value
  97 0048 04008DE2 		add	r0, sp, #4
  98 004c FEFFFFEB 		bl	hal_mcu_critical_section_end
  99 0050 0000A0E3 		mov	r0, #0
 100 0054 08D08DE2 		add	sp, sp, #8
 101              		@ sp needed
 102 0058 7080BDE8 		pop	{r4, r5, r6, pc}
 103              	.L8:
 104 005c 0110D4E4 		ldrb	r1, [r4], #1	@ zero_extendqisi2
 105 0060 0100A0E3 		mov	r0, #1
 106 0064 FEFFFFEB 		bl	hal_spi_in_out
 107 0068 F1FFFFEA 		b	.L7
 109              		.section	.text.sx127x_hal_read,"ax",%progbits
 110              		.align	2
 111              		.global	sx127x_hal_read
 112              		.syntax unified
 113              		.arm
 114              		.fpu neon
 116              	sx127x_hal_read:
 117              		@ args = 0, pretend = 0, frame = 8
 118              		@ frame_needed = 0, uses_anonymous_args = 0
 119 0000 73402DE9 		push	{r0, r1, r4, r5, r6, lr}
 120 0004 04008DE2 		add	r0, sp, #4
 121 0008 0240A0E1 		mov	r4, r2
ARM GAS  /tmp/ccy1uatY.s 			page 3


 122 000c 0350A0E1 		mov	r5, r3
 123 0010 0160A0E1 		mov	r6, r1
 124 0014 FEFFFFEB 		bl	hal_mcu_critical_section_begin
 125 0018 0010A0E3 		mov	r1, #0
 126 001c 0000E0E3 		mvn	r0, #0
 127 0020 FEFFFFEB 		bl	hal_gpio_set_value
 128 0024 8010C6E3 		bic	r1, r6, #128
 129 0028 0100A0E3 		mov	r0, #1
 130 002c 055084E0 		add	r5, r4, r5
 131 0030 FEFFFFEB 		bl	hal_spi_in_out
 132              	.L11:
 133 0034 050054E1 		cmp	r4, r5
 134 0038 0700001A 		bne	.L12
 135 003c 0110A0E3 		mov	r1, #1
 136 0040 0000E0E3 		mvn	r0, #0
 137 0044 FEFFFFEB 		bl	hal_gpio_set_value
 138 0048 04008DE2 		add	r0, sp, #4
 139 004c FEFFFFEB 		bl	hal_mcu_critical_section_end
 140 0050 0000A0E3 		mov	r0, #0
 141 0054 08D08DE2 		add	sp, sp, #8
 142              		@ sp needed
 143 0058 7080BDE8 		pop	{r4, r5, r6, pc}
 144              	.L12:
 145 005c 0010A0E3 		mov	r1, #0
 146 0060 0100A0E3 		mov	r0, #1
 147 0064 FEFFFFEB 		bl	hal_spi_in_out
 148 0068 0100C4E4 		strb	r0, [r4], #1
 149 006c F0FFFFEA 		b	.L11
 151              		.section	.text.sx127x_hal_reset,"ax",%progbits
 152              		.align	2
 153              		.global	sx127x_hal_reset
 154              		.syntax unified
 155              		.arm
 156              		.fpu neon
 158              	sx127x_hal_reset:
 159              		@ args = 0, pretend = 0, frame = 0
 160              		@ frame_needed = 0, uses_anonymous_args = 0
 161 0000 10402DE9 		push	{r4, lr}
 162 0004 0010A0E3 		mov	r1, #0
 163 0008 0000E0E3 		mvn	r0, #0
 164 000c FEFFFFEB 		bl	hal_gpio_init_out
 165 0010 FA0FA0E3 		mov	r0, #1000
 166 0014 FEFFFFEB 		bl	hal_mcu_wait_us
 167 0018 0030A0E3 		mov	r3, #0
 168 001c 0000E0E3 		mvn	r0, #0
 169 0020 0320A0E1 		mov	r2, r3
 170 0024 0310A0E1 		mov	r1, r3
 171 0028 FEFFFFEB 		bl	hal_gpio_init_in
 172 002c 700701E3 		movw	r0, #6000
 173 0030 1040BDE8 		pop	{r4, lr}
 174 0034 FEFFFFEA 		b	hal_mcu_wait_us
 176              		.section	.text.sx127x_hal_get_dio_1_pin_state,"ax",%progbits
 177              		.align	2
 178              		.global	sx127x_hal_get_dio_1_pin_state
 179              		.syntax unified
 180              		.arm
 181              		.fpu neon
ARM GAS  /tmp/ccy1uatY.s 			page 4


 183              	sx127x_hal_get_dio_1_pin_state:
 184              		@ args = 0, pretend = 0, frame = 0
 185              		@ frame_needed = 0, uses_anonymous_args = 0
 186              		@ link register save eliminated.
 187 0000 3600A0E3 		mov	r0, #54
 188 0004 FEFFFFEA 		b	hal_gpio_get_value
 190              		.section	.text.sx127x_hal_timer_start,"ax",%progbits
 191              		.align	2
 192              		.global	sx127x_hal_timer_start
 193              		.syntax unified
 194              		.arm
 195              		.fpu neon
 197              	sx127x_hal_timer_start:
 198              		@ args = 0, pretend = 0, frame = 0
 199              		@ frame_needed = 0, uses_anonymous_args = 0
 200 0000 24309FE5 		ldr	r3, .L19
 201 0004 10402DE9 		push	{r4, lr}
 202 0008 050083E8 		stm	r3, {r0, r2}
 203 000c 0320A0E1 		mov	r2, r3
 204 0010 0100A0E3 		mov	r0, #1
 205 0014 FEFFFFEB 		bl	hal_lp_timer_start
 206 0018 10309FE5 		ldr	r3, .L19+4
 207 001c 0120A0E3 		mov	r2, #1
 208 0020 0000A0E3 		mov	r0, #0
 209 0024 0020C3E5 		strb	r2, [r3]
 210 0028 1080BDE8 		pop	{r4, pc}
 211              	.L20:
 212              		.align	2
 213              	.L19:
 214 002c 00000000 		.word	.LANCHOR3
 215 0030 00000000 		.word	.LANCHOR4
 217              		.section	.text.sx127x_hal_timer_stop,"ax",%progbits
 218              		.align	2
 219              		.global	sx127x_hal_timer_stop
 220              		.syntax unified
 221              		.arm
 222              		.fpu neon
 224              	sx127x_hal_timer_stop:
 225              		@ args = 0, pretend = 0, frame = 0
 226              		@ frame_needed = 0, uses_anonymous_args = 0
 227 0000 10402DE9 		push	{r4, lr}
 228 0004 0100A0E3 		mov	r0, #1
 229 0008 FEFFFFEB 		bl	hal_lp_timer_stop
 230 000c 08309FE5 		ldr	r3, .L23
 231 0010 0000A0E3 		mov	r0, #0
 232 0014 0000C3E5 		strb	r0, [r3]
 233 0018 1080BDE8 		pop	{r4, pc}
 234              	.L24:
 235              		.align	2
 236              	.L23:
 237 001c 00000000 		.word	.LANCHOR4
 239              		.section	.text.sx127x_hal_timer_is_started,"ax",%progbits
 240              		.align	2
 241              		.global	sx127x_hal_timer_is_started
 242              		.syntax unified
 243              		.arm
 244              		.fpu neon
ARM GAS  /tmp/ccy1uatY.s 			page 5


 246              	sx127x_hal_timer_is_started:
 247              		@ args = 0, pretend = 0, frame = 0
 248              		@ frame_needed = 0, uses_anonymous_args = 0
 249              		@ link register save eliminated.
 250 0000 04309FE5 		ldr	r3, .L26
 251 0004 0000D3E5 		ldrb	r0, [r3]	@ zero_extendqisi2
 252 0008 1EFF2FE1 		bx	lr
 253              	.L27:
 254              		.align	2
 255              	.L26:
 256 000c 00000000 		.word	.LANCHOR4
 258              		.section	.bss.is_timer_started,"aw",%nobits
 259              		.set	.LANCHOR4,. + 0
 262              	is_timer_started:
 263 0000 00       		.space	1
 264              		.section	.bss.radio_dio_0_irq.6875,"aw",%nobits
 265              		.align	2
 266              		.set	.LANCHOR0,. + 0
 269              	radio_dio_0_irq.6875:
 270 0000 00000000 		.space	12
 270      00000000 
 270      00000000 
 271              		.section	.bss.radio_dio_1_irq.6876,"aw",%nobits
 272              		.align	2
 273              		.set	.LANCHOR1,. + 0
 276              	radio_dio_1_irq.6876:
 277 0000 00000000 		.space	12
 277      00000000 
 277      00000000 
 278              		.section	.bss.radio_dio_2_irq.6877,"aw",%nobits
 279              		.align	2
 280              		.set	.LANCHOR2,. + 0
 283              	radio_dio_2_irq.6877:
 284 0000 00000000 		.space	12
 284      00000000 
 284      00000000 
 285              		.section	.bss.tmr_irq,"aw",%nobits
 286              		.align	2
 287              		.set	.LANCHOR3,. + 0
 290              	tmr_irq:
 291 0000 00000000 		.space	12
 291      00000000 
 291      00000000 
 292              		.ident	"GCC: (crosstool-NG 1.24.0) 8.3.0"
 293              		.section	.note.GNU-stack,"",%progbits
ARM GAS  /tmp/ccy1uatY.s 			page 6


DEFINED SYMBOLS
                            *ABS*:0000000000000000 sx127x_hal.c
     /tmp/ccy1uatY.s:13     .text.sx127x_hal_get_radio_id:0000000000000000 $a
     /tmp/ccy1uatY.s:20     .text.sx127x_hal_get_radio_id:0000000000000000 sx127x_hal_get_radio_id
     /tmp/ccy1uatY.s:28     .text.sx127x_hal_dio_irq_attach:0000000000000000 $a
     /tmp/ccy1uatY.s:34     .text.sx127x_hal_dio_irq_attach:0000000000000000 sx127x_hal_dio_irq_attach
     /tmp/ccy1uatY.s:64     .text.sx127x_hal_dio_irq_attach:0000000000000060 $d
     /tmp/ccy1uatY.s:69     .text.sx127x_hal_write:0000000000000000 $a
     /tmp/ccy1uatY.s:75     .text.sx127x_hal_write:0000000000000000 sx127x_hal_write
     /tmp/ccy1uatY.s:110    .text.sx127x_hal_read:0000000000000000 $a
     /tmp/ccy1uatY.s:116    .text.sx127x_hal_read:0000000000000000 sx127x_hal_read
     /tmp/ccy1uatY.s:152    .text.sx127x_hal_reset:0000000000000000 $a
     /tmp/ccy1uatY.s:158    .text.sx127x_hal_reset:0000000000000000 sx127x_hal_reset
     /tmp/ccy1uatY.s:177    .text.sx127x_hal_get_dio_1_pin_state:0000000000000000 $a
     /tmp/ccy1uatY.s:183    .text.sx127x_hal_get_dio_1_pin_state:0000000000000000 sx127x_hal_get_dio_1_pin_state
     /tmp/ccy1uatY.s:191    .text.sx127x_hal_timer_start:0000000000000000 $a
     /tmp/ccy1uatY.s:197    .text.sx127x_hal_timer_start:0000000000000000 sx127x_hal_timer_start
     /tmp/ccy1uatY.s:214    .text.sx127x_hal_timer_start:000000000000002c $d
     /tmp/ccy1uatY.s:218    .text.sx127x_hal_timer_stop:0000000000000000 $a
     /tmp/ccy1uatY.s:224    .text.sx127x_hal_timer_stop:0000000000000000 sx127x_hal_timer_stop
     /tmp/ccy1uatY.s:237    .text.sx127x_hal_timer_stop:000000000000001c $d
     /tmp/ccy1uatY.s:240    .text.sx127x_hal_timer_is_started:0000000000000000 $a
     /tmp/ccy1uatY.s:246    .text.sx127x_hal_timer_is_started:0000000000000000 sx127x_hal_timer_is_started
     /tmp/ccy1uatY.s:256    .text.sx127x_hal_timer_is_started:000000000000000c $d
     /tmp/ccy1uatY.s:262    .bss.is_timer_started:0000000000000000 is_timer_started
     /tmp/ccy1uatY.s:263    .bss.is_timer_started:0000000000000000 $d
     /tmp/ccy1uatY.s:265    .bss.radio_dio_0_irq.6875:0000000000000000 $d
     /tmp/ccy1uatY.s:269    .bss.radio_dio_0_irq.6875:0000000000000000 radio_dio_0_irq.6875
     /tmp/ccy1uatY.s:272    .bss.radio_dio_1_irq.6876:0000000000000000 $d
     /tmp/ccy1uatY.s:276    .bss.radio_dio_1_irq.6876:0000000000000000 radio_dio_1_irq.6876
     /tmp/ccy1uatY.s:279    .bss.radio_dio_2_irq.6877:0000000000000000 $d
     /tmp/ccy1uatY.s:283    .bss.radio_dio_2_irq.6877:0000000000000000 radio_dio_2_irq.6877
     /tmp/ccy1uatY.s:286    .bss.tmr_irq:0000000000000000 $d
     /tmp/ccy1uatY.s:290    .bss.tmr_irq:0000000000000000 tmr_irq

UNDEFINED SYMBOLS
hal_gpio_irq_attach
hal_mcu_critical_section_begin
hal_gpio_set_value
hal_spi_in_out
hal_mcu_critical_section_end
hal_gpio_init_out
hal_mcu_wait_us
hal_gpio_init_in
hal_gpio_get_value
hal_lp_timer_start
hal_lp_timer_stop
